2024-12-10T02:55:33.692Z [[32minfo[39m]: Server running on http://localhost:5000
2024-12-10T02:56:26.694Z [[32minfo[39m]: Request received: OPTIONS /auth/register
2024-12-10T02:56:26.702Z [[32minfo[39m]: Request received: POST /auth/register
2024-12-10T02:58:48.068Z [[32minfo[39m]: Server running on http://localhost:5000
2024-12-10T02:59:02.469Z [[32minfo[39m]: Request received: OPTIONS /auth/register
2024-12-10T02:59:02.475Z [[32minfo[39m]: Request received: POST /auth/register
2024-12-10T03:27:51.811Z [[32minfo[39m]: Server running on http://localhost:5000
2024-12-10T03:29:44.032Z [[32minfo[39m]: Request received: OPTIONS /auth/register
2024-12-10T03:29:44.048Z [[32minfo[39m]: Request received: POST /auth/register
2024-12-10T03:31:20.078Z [[32minfo[39m]: Server running on http://localhost:5000
2024-12-10T03:31:40.805Z [[32minfo[39m]: Request received: OPTIONS /auth/register
2024-12-10T03:31:40.816Z [[32minfo[39m]: Request received: POST /auth/register
2024-12-10T03:39:54.798Z [[32minfo[39m]: Server running on http://localhost:5000
2024-12-10T03:44:58.971Z [[32minfo[39m]: Server running on http://localhost:5000
2024-12-10T03:45:19.979Z [[32minfo[39m]: Request received: OPTIONS /auth/register
2024-12-10T03:45:19.985Z [[32minfo[39m]: Request received: POST /auth/register
2024-12-10T03:54:25.546Z [[32minfo[39m]: Server running on http://localhost:5000
2024-12-10T03:55:50.728Z [[32minfo[39m]: Request received: OPTIONS /auth/register
2024-12-10T03:55:50.738Z [[32minfo[39m]: Request received: POST /auth/register
2024-12-10T04:05:07.769Z [[32minfo[39m]: Server running on http://localhost:5000
2024-12-10T04:06:03.383Z [[32minfo[39m]: Request received: OPTIONS /auth/register
2024-12-10T04:06:03.399Z [[32minfo[39m]: Request received: POST /auth/register
2024-12-10T04:15:03.255Z [[32minfo[39m]: Server running on http://localhost:5000
2024-12-10T04:15:33.479Z [[32minfo[39m]: Request received: OPTIONS /auth/register
2024-12-10T04:15:33.485Z [[32minfo[39m]: Request received: POST /auth/register
2024-12-10T04:27:45.292Z [[32minfo[39m]: Server running on http://localhost:5000
2024-12-10T04:28:28.843Z [[32minfo[39m]: Request received: OPTIONS /auth/register
2024-12-10T04:28:28.849Z [[32minfo[39m]: Request received: POST /auth/register
2024-12-10T04:28:35.194Z [[32minfo[39m]: Request received: OPTIONS /auth/register
2024-12-10T04:28:35.197Z [[32minfo[39m]: Request received: POST /auth/register
2024-12-10T04:31:06.399Z [[32minfo[39m]: Request received: OPTIONS /auth/register
2024-12-10T04:31:06.401Z [[32minfo[39m]: Request received: POST /auth/register
2024-12-10T04:40:01.787Z [[32minfo[39m]: Server running on http://localhost:5000
2024-12-10T04:40:22.364Z [[32minfo[39m]: Request received: OPTIONS /auth/register
2024-12-10T04:40:22.371Z [[32minfo[39m]: Request received: POST /auth/register
2024-12-10T04:50:01.525Z [[32minfo[39m]: Server running on http://localhost:5000
2024-12-10T04:50:22.375Z [[32minfo[39m]: Request received: OPTIONS /auth/register
2024-12-10T04:50:22.384Z [[32minfo[39m]: Request received: POST /auth/register
2024-12-10T04:56:31.009Z [[32minfo[39m]: Server running on http://localhost:5000
2024-12-10T04:57:19.724Z [[32minfo[39m]: Request received: OPTIONS /auth/register
2024-12-10T04:57:19.733Z [[32minfo[39m]: Request received: POST /auth/register
2024-12-10T19:41:01.261Z [[32minfo[39m]: Server running on http://localhost:5000
2024-12-10T19:46:25.096Z [[32minfo[39m]: Request received: OPTIONS /auth/register
2024-12-10T19:46:25.099Z [[31merror[39m]: Error occurred: Not allowed by CORS
2024-12-10T19:47:57.799Z [[32minfo[39m]: Server running on http://localhost:5000
2024-12-10T19:48:01.915Z [[32minfo[39m]: Request received: OPTIONS /auth/register
2024-12-10T19:48:01.931Z [[32minfo[39m]: Request received: POST /auth/register
2024-12-10T19:48:55.955Z [[32minfo[39m]: Request received: OPTIONS /auth/register
2024-12-10T19:48:55.958Z [[32minfo[39m]: Request received: POST /auth/register
2024-12-10T20:07:35.469Z [[32minfo[39m]: Server running on http://localhost:5000
2024-12-10T20:08:27.161Z [[32minfo[39m]: Request received: OPTIONS /auth/register
2024-12-10T20:08:27.165Z [[32minfo[39m]: Request received: POST /auth/register
2024-12-10T20:18:02.786Z [[32minfo[39m]: Request received: OPTIONS /auth/register
2024-12-10T20:18:02.789Z [[32minfo[39m]: Request received: POST /auth/register
2024-12-10T20:18:03.474Z [[32minfo[39m]: Request received: POST /auth/register
2024-12-10T20:18:31.355Z [[32minfo[39m]: Server running on http://localhost:5000
2024-12-10T20:25:22.933Z [[32minfo[39m]: Request received: OPTIONS /auth/register
2024-12-10T20:25:22.938Z [[32minfo[39m]: Request received: POST /auth/register
2024-12-12T17:40:08.829Z [[32minfo[39m]: Server running on http://localhost:5000
2024-12-12T17:42:42.908Z [[32minfo[39m]: Request received: OPTIONS /auth/register
2024-12-12T17:42:42.913Z [[32minfo[39m]: Request received: POST /auth/register
2024-12-12T18:21:10.152Z [[32minfo[39m]: Server running on http://localhost:5000
2024-12-12T18:24:30.037Z [[32minfo[39m]: Server running on http://localhost:5000
2024-12-12T18:24:37.413Z [[32minfo[39m]: Request received: OPTIONS /auth/register
2024-12-12T18:24:37.422Z [[32minfo[39m]: Request received: POST /auth/register
2024-12-12T19:01:24.596Z [[32minfo[39m]: Server running on http://localhost:5000
2024-12-13T00:21:21.597Z [[32minfo[39m]: Server running on http://localhost:5000
2024-12-13T00:22:21.775Z [[32minfo[39m]: Request received: OPTIONS /auth/register
2024-12-13T00:22:21.780Z [[32minfo[39m]: Request received: POST /auth/register
2024-12-13T00:38:17.510Z [[32minfo[39m]: Server running on http://localhost:5000
2024-12-13T00:38:52.820Z [[32minfo[39m]: Server running on http://localhost:5000
2024-12-13T00:39:06.511Z [[32minfo[39m]: Request received: OPTIONS /auth/register
2024-12-13T00:39:06.544Z [[32minfo[39m]: Request received: POST /auth/register
2024-12-13T00:39:14.448Z [[32minfo[39m]: Request received: OPTIONS /auth/register
2024-12-13T00:39:14.451Z [[32minfo[39m]: Request received: POST /auth/register
2024-12-13T00:43:54.852Z [[32minfo[39m]: Server running on http://localhost:5000
2024-12-13T00:45:19.136Z [[32minfo[39m]: Server running on http://localhost:5000
2024-12-13T00:46:09.777Z [[32minfo[39m]: Server running on http://localhost:5000
2024-12-13T00:46:54.592Z [[32minfo[39m]: Request received: OPTIONS /auth/register
2024-12-13T00:46:54.620Z [[32minfo[39m]: Request received: POST /auth/register
2024-12-13T00:47:24.844Z [[32minfo[39m]: Server running on http://localhost:5000
2024-12-13T00:47:31.774Z [[32minfo[39m]: Request received: OPTIONS /auth/register
2024-12-13T00:47:31.780Z [[32minfo[39m]: Request received: POST /auth/register
2024-12-13T00:55:13.110Z [[32minfo[39m]: Server running on http://localhost:5000
2024-12-13T00:57:09.762Z [[32minfo[39m]: Request received: GET /auth/test-db
2024-12-13T01:17:30.538Z [[32minfo[39m]: Server running on http://localhost:5000
2024-12-13T01:17:42.339Z [[32minfo[39m]: Request received: OPTIONS /auth/register
2024-12-13T01:17:42.343Z [[32minfo[39m]: Request received: POST /auth/register
2024-12-13T01:24:38.237Z [[32minfo[39m]: Server running on http://localhost:5000
2024-12-13T01:24:48.758Z [[32minfo[39m]: Request received: OPTIONS /auth/register
2024-12-13T01:24:48.762Z [[32minfo[39m]: Request received: POST /auth/register
2024-12-13T01:24:49.570Z [[32minfo[39m]: Request received: POST /auth/register
2024-12-13T01:24:49.826Z [[32minfo[39m]: Request received: POST /auth/register
2024-12-13T01:24:50.064Z [[32minfo[39m]: Request received: POST /auth/register
2024-12-13T01:24:50.289Z [[32minfo[39m]: Request received: POST /auth/register
2024-12-13T01:24:50.595Z [[32minfo[39m]: Request received: POST /auth/register
2024-12-13T01:32:49.794Z [[32minfo[39m]: Server running on http://localhost:5000
2024-12-13T01:33:16.003Z [[32minfo[39m]: Request received: GET /
2024-12-13T01:34:21.318Z [[32minfo[39m]: Request received: OPTIONS /auth/register
2024-12-13T01:34:21.322Z [[32minfo[39m]: Request received: POST /auth/register
2024-12-17T19:49:46.005Z [[32minfo[39m]: Server running on http://localhost:5000
2024-12-17T20:29:27.299Z [[32minfo[39m]: Request received: GET /
2024-12-17T20:29:34.186Z [[32minfo[39m]: Request received: GET /auth
2024-12-17T20:30:00.356Z [[32minfo[39m]: Request received: GET /auth/register
2024-12-17T20:31:37.103Z [[32minfo[39m]: Request received: GET /auth/register
2024-12-17T20:35:37.246Z [[32minfo[39m]: Request received: GET /auth/register%0A
2024-12-17T20:37:21.275Z [[32minfo[39m]: Request received: POST /auth/register%0A
2024-12-17T20:49:14.396Z [[32minfo[39m]: Request received: POST /auth/register%0A
2024-12-17T21:06:11.309Z [[32minfo[39m]: Request received: POST /auth/register%0A
2024-12-17T21:18:50.640Z [[32minfo[39m]: Server running on http://localhost:5000
2024-12-17T21:20:14.047Z [[32minfo[39m]: Request received: POST /auth/register
2024-12-17T21:27:42.602Z [[32minfo[39m]: Server running on http://localhost:5000
2024-12-17T21:28:11.113Z [[32minfo[39m]: Request received: POST /auth/register
2024-12-17T21:34:38.877Z [[32minfo[39m]: Server running on http://localhost:5000
2024-12-17T21:34:44.943Z [[32minfo[39m]: Request received: POST /auth/register
2024-12-17T21:35:50.035Z [[32minfo[39m]: Request received: OPTIONS /auth/register
2024-12-17T21:35:50.038Z [[32minfo[39m]: Request received: POST /auth/register
2024-12-17T21:37:27.237Z [[32minfo[39m]: Request received: OPTIONS /api/login
2024-12-17T21:37:27.239Z [[32minfo[39m]: Request received: POST /api/login
2024-12-17T21:37:44.445Z [[32minfo[39m]: Request received: OPTIONS /api/login
2024-12-17T21:37:44.447Z [[32minfo[39m]: Request received: POST /api/login
2024-12-17T21:38:00.384Z [[32minfo[39m]: Request received: OPTIONS /api/login
2024-12-17T21:38:00.386Z [[32minfo[39m]: Request received: POST /api/login
2024-12-17T21:38:02.117Z [[32minfo[39m]: Request received: POST /api/login
2024-12-17T21:38:12.454Z [[32minfo[39m]: Request received: OPTIONS /api/login
2024-12-17T21:38:12.455Z [[32minfo[39m]: Request received: POST /api/login
2024-12-17T21:39:07.750Z [[32minfo[39m]: Request received: OPTIONS /api/login
2024-12-17T21:39:07.752Z [[32minfo[39m]: Request received: POST /api/login
2024-12-17T21:43:43.930Z [[32minfo[39m]: Request received: OPTIONS /auth/register
2024-12-17T21:43:43.931Z [[32minfo[39m]: Request received: POST /auth/register
2024-12-17T21:45:40.683Z [[32minfo[39m]: Request received: OPTIONS /api/login
2024-12-17T21:45:40.685Z [[32minfo[39m]: Request received: POST /api/login
2024-12-17T21:45:55.210Z [[32minfo[39m]: Request received: OPTIONS /api/login
2024-12-17T21:45:55.212Z [[32minfo[39m]: Request received: POST /api/login
2024-12-17T21:46:35.471Z [[32minfo[39m]: Request received: OPTIONS /api/login
2024-12-17T21:46:35.473Z [[32minfo[39m]: Request received: POST /api/login
2024-12-17T22:12:37.039Z [[32minfo[39m]: Server running on http://localhost:5000
2024-12-17T22:12:58.254Z [[32minfo[39m]: Server running on http://localhost:5000
2024-12-17T22:13:07.339Z [[32minfo[39m]: Request received: OPTIONS /api/login
2024-12-17T22:13:07.346Z [[32minfo[39m]: Request received: POST /api/login
2024-12-17T22:13:15.456Z [[32minfo[39m]: Request received: OPTIONS /api/login
2024-12-17T22:13:15.458Z [[32minfo[39m]: Request received: POST /api/login
2024-12-17T22:18:05.268Z [[32minfo[39m]: Server running on http://localhost:5000
2024-12-17T22:18:10.479Z [[32minfo[39m]: Request received: OPTIONS /auth/login
2024-12-17T22:18:10.483Z [[32minfo[39m]: Request received: POST /auth/login
2024-12-17T22:18:17.439Z [[32minfo[39m]: Request received: OPTIONS /auth/login
2024-12-17T22:18:17.441Z [[32minfo[39m]: Request received: POST /auth/login
2024-12-17T22:18:37.611Z [[32minfo[39m]: Request received: OPTIONS /auth/login
2024-12-17T22:18:37.613Z [[32minfo[39m]: Request received: POST /auth/login
2024-12-17T22:32:17.186Z [[32minfo[39m]: Server running on http://localhost:5000
2024-12-17T22:32:34.254Z [[32minfo[39m]: Request received: OPTIONS /api/login
2024-12-17T22:32:34.264Z [[32minfo[39m]: Request received: POST /api/login
2024-12-17T22:37:50.582Z [[32minfo[39m]: Server running on http://localhost:5000
2024-12-17T22:38:28.351Z [[32minfo[39m]: Request received: OPTIONS /auth/login
2024-12-17T22:38:28.367Z [[32minfo[39m]: Request received: POST /auth/login
2024-12-17T22:38:52.699Z [[32minfo[39m]: Request received: OPTIONS /auth/login
2024-12-17T22:38:52.703Z [[32minfo[39m]: Request received: POST /auth/login
2024-12-17T22:38:52.955Z [[32minfo[39m]: Request received: OPTIONS /auth/profile
2024-12-17T22:38:52.969Z [[32minfo[39m]: Request received: OPTIONS /auth/profile
2024-12-17T22:38:52.978Z [[32minfo[39m]: Request received: GET /auth/profile
2024-12-17T22:38:52.995Z [[32minfo[39m]: Request received: GET /auth/profile
2024-12-17T22:39:16.220Z [[32minfo[39m]: Request received: OPTIONS /auth/profile
2024-12-17T22:39:16.221Z [[32minfo[39m]: Request received: PUT /auth/profile
2024-12-17T22:39:32.272Z [[32minfo[39m]: Request received: OPTIONS /auth/profile
2024-12-17T22:39:32.276Z [[32minfo[39m]: Request received: OPTIONS /auth/profile
2024-12-17T22:39:32.278Z [[32minfo[39m]: Request received: GET /auth/profile
2024-12-17T22:39:32.287Z [[32minfo[39m]: Request received: GET /auth/profile
2024-12-17T22:39:47.338Z [[32minfo[39m]: Request received: OPTIONS /auth/profile
2024-12-17T22:39:47.341Z [[32minfo[39m]: Request received: GET /auth/profile
2024-12-17T22:39:47.348Z [[32minfo[39m]: Request received: GET /auth/profile
2024-12-17T22:39:49.629Z [[32minfo[39m]: Request received: GET /auth/profile
2024-12-17T22:39:49.635Z [[32minfo[39m]: Request received: GET /auth/profile
2024-12-17T22:44:57.154Z [[32minfo[39m]: Request received: OPTIONS /auth/profile
2024-12-17T22:44:57.156Z [[32minfo[39m]: Request received: GET /auth/profile
2024-12-17T22:47:24.861Z [[32minfo[39m]: Server running on http://localhost:5000
2024-12-17T22:47:41.356Z [[32minfo[39m]: Request received: OPTIONS /auth/profile
2024-12-17T22:47:41.361Z [[32minfo[39m]: Request received: PUT /auth/profile
2024-12-17T22:47:46.103Z [[32minfo[39m]: Request received: GET /auth/profile
2024-12-17T22:47:46.112Z [[32minfo[39m]: Request received: GET /auth/profile
2024-12-18T18:35:26.698Z [[32minfo[39m]: Request received: OPTIONS /auth/profile
2024-12-18T18:35:26.704Z [[32minfo[39m]: Request received: OPTIONS /auth/profile
2024-12-18T18:35:26.706Z [[32minfo[39m]: Request received: GET /auth/profile
2024-12-18T18:35:26.712Z [[32minfo[39m]: Request received: GET /auth/profile
2024-12-18T18:38:07.330Z [[32minfo[39m]: Server running on http://localhost:5000
2024-12-18T18:38:47.172Z [[32minfo[39m]: Request received: OPTIONS /auth/profile
2024-12-18T18:38:47.184Z [[32minfo[39m]: Request received: GET /auth/profile
2024-12-18T18:38:49.075Z [[32minfo[39m]: Request received: GET /auth/profile
2024-12-18T18:38:49.079Z [[32minfo[39m]: Request received: GET /auth/profile
2024-12-18T18:42:45.357Z [[32minfo[39m]: Request received: OPTIONS /auth/profile
2024-12-18T18:42:45.360Z [[32minfo[39m]: Request received: OPTIONS /auth/profile
2024-12-18T18:42:45.363Z [[32minfo[39m]: Request received: GET /auth/profile
2024-12-18T18:42:45.372Z [[32minfo[39m]: Request received: GET /auth/profile
2024-12-18T18:42:56.131Z [[32minfo[39m]: Request received: OPTIONS /auth/profile
2024-12-18T18:42:56.135Z [[32minfo[39m]: Request received: GET /auth/profile
2024-12-18T18:42:56.136Z [[32minfo[39m]: Request received: OPTIONS /auth/profile
2024-12-18T18:42:56.145Z [[32minfo[39m]: Request received: GET /auth/profile
2024-12-18T18:44:04.744Z [[32minfo[39m]: Server running on http://localhost:5000
2024-12-18T18:45:43.064Z [[32minfo[39m]: Request received: OPTIONS /auth/profile
2024-12-18T18:45:43.072Z [[32minfo[39m]: Request received: GET /auth/profile
2024-12-18T18:45:43.074Z [[32minfo[39m]: Request received: OPTIONS /auth/profile
2024-12-18T18:45:43.081Z [[32minfo[39m]: Request received: GET /auth/profile
2024-12-18T18:49:52.639Z [[32minfo[39m]: Server running on http://localhost:5000
2024-12-18T18:50:15.283Z [[32minfo[39m]: Server running on http://localhost:5000
2024-12-18T18:50:17.874Z [[32minfo[39m]: Request received: OPTIONS /auth/profile
2024-12-18T18:50:17.884Z [[32minfo[39m]: Request received: GET /auth/profile
2024-12-18T18:50:17.886Z [[32minfo[39m]: Request received: OPTIONS /auth/profile
2024-12-18T18:50:17.896Z [[32minfo[39m]: Request received: GET /auth/profile
2024-12-18T18:50:19.961Z [[32minfo[39m]: Request received: GET /auth/profile
2024-12-18T18:50:19.965Z [[32minfo[39m]: Request received: GET /auth/profile
2024-12-18T18:51:08.827Z [[32minfo[39m]: Request received: OPTIONS /auth/login
2024-12-18T18:51:08.829Z [[32minfo[39m]: Request received: POST /auth/login
2024-12-18T18:51:09.054Z [[32minfo[39m]: Request received: OPTIONS /auth/profile
2024-12-18T18:51:09.057Z [[32minfo[39m]: Request received: GET /auth/profile
2024-12-18T18:51:09.066Z [[32minfo[39m]: Request received: GET /auth/profile
2024-12-18T18:53:44.186Z [[32minfo[39m]: Request received: OPTIONS /auth/register
2024-12-18T18:53:44.188Z [[32minfo[39m]: Request received: POST /auth/register
2024-12-18T18:54:21.058Z [[32minfo[39m]: Request received: OPTIONS /auth/login
2024-12-18T18:54:21.060Z [[32minfo[39m]: Request received: POST /auth/login
2024-12-18T18:54:29.326Z [[32minfo[39m]: Request received: OPTIONS /auth/login
2024-12-18T18:54:29.327Z [[32minfo[39m]: Request received: POST /auth/login
2024-12-18T18:54:29.454Z [[32minfo[39m]: Request received: OPTIONS /auth/profile
2024-12-18T18:54:29.456Z [[32minfo[39m]: Request received: GET /auth/profile
2024-12-18T18:54:29.489Z [[32minfo[39m]: Request received: GET /auth/profile
2024-12-18T19:02:23.911Z [[32minfo[39m]: Request received: OPTIONS /auth/profile
2024-12-18T19:02:23.915Z [[32minfo[39m]: Request received: GET /auth/profile
2024-12-18T19:05:43.431Z [[32minfo[39m]: Request received: OPTIONS /auth/profile
2024-12-18T19:05:43.432Z [[32minfo[39m]: Request received: GET /auth/profile
2024-12-18T19:05:47.839Z [[32minfo[39m]: Server running on http://localhost:5000
2024-12-18T19:05:54.098Z [[32minfo[39m]: Request received: OPTIONS /auth/profile
2024-12-18T19:05:54.113Z [[32minfo[39m]: Request received: GET /auth/profile
2024-12-18T19:05:54.115Z [[32minfo[39m]: Request received: OPTIONS /auth/profile
2024-12-18T19:05:54.126Z [[32minfo[39m]: Request received: GET /auth/profile
2024-12-18T19:13:51.657Z [[32minfo[39m]: Request received: OPTIONS /auth/profile
2024-12-18T19:13:51.658Z [[32minfo[39m]: Request received: OPTIONS /auth/profile
2024-12-18T19:13:51.661Z [[32minfo[39m]: Request received: GET /auth/profile
2024-12-18T19:13:51.668Z [[32minfo[39m]: Request received: GET /auth/profile
2024-12-18T19:14:02.976Z [[32minfo[39m]: Request received: GET /auth/profile
2024-12-18T19:22:36.363Z [[32minfo[39m]: Server running on http://localhost:5000
2024-12-18T19:22:42.945Z [[32minfo[39m]: Request received: OPTIONS /auth/profile
2024-12-18T19:22:42.954Z [[32minfo[39m]: Request received: GET /auth/profile
2024-12-18T19:22:42.971Z [[32minfo[39m]: Request received: OPTIONS /auth/profile
2024-12-18T19:22:42.984Z [[32minfo[39m]: Request received: GET /auth/profile
2024-12-18T19:23:02.982Z [[32minfo[39m]: Request received: OPTIONS /auth/profile
2024-12-18T19:23:02.987Z [[32minfo[39m]: Request received: PUT /auth/profile
2024-12-18T19:24:32.030Z [[32minfo[39m]: Server running on http://localhost:5000
2024-12-18T19:24:37.561Z [[32minfo[39m]: Request received: OPTIONS /auth/profile
2024-12-18T19:24:37.577Z [[32minfo[39m]: Request received: GET /auth/profile
2024-12-18T19:24:37.626Z [[32minfo[39m]: Request received: OPTIONS /auth/profile
2024-12-18T19:24:37.634Z [[32minfo[39m]: Request received: GET /auth/profile
2024-12-18T19:24:47.822Z [[32minfo[39m]: Request received: OPTIONS /auth/profile
2024-12-18T19:24:47.826Z [[32minfo[39m]: Request received: PUT /auth/profile
2024-12-18T19:24:51.737Z [[32minfo[39m]: Request received: PUT /auth/profile
2024-12-18T19:24:52.305Z [[32minfo[39m]: Request received: PUT /auth/profile
2024-12-18T19:24:52.443Z [[32minfo[39m]: Request received: PUT /auth/profile
2024-12-18T19:25:24.693Z [[32minfo[39m]: Request received: OPTIONS /auth/profile
2024-12-18T19:25:24.696Z [[32minfo[39m]: Request received: PUT /auth/profile
2024-12-18T19:26:18.375Z [[32minfo[39m]: Server running on http://localhost:5000
2024-12-18T19:26:24.818Z [[32minfo[39m]: Request received: OPTIONS /auth/profile
2024-12-18T19:26:24.824Z [[32minfo[39m]: Request received: PUT /auth/profile
2024-12-18T19:26:30.647Z [[32minfo[39m]: Request received: OPTIONS /auth/profile
2024-12-18T19:26:30.652Z [[32minfo[39m]: Request received: PUT /auth/profile
2024-12-18T19:27:23.281Z [[32minfo[39m]: Request received: OPTIONS /auth/profile
2024-12-18T19:27:23.284Z [[32minfo[39m]: Request received: GET /auth/profile
2024-12-18T19:27:30.361Z [[32minfo[39m]: Request received: OPTIONS /auth/profile
2024-12-18T19:27:30.365Z [[32minfo[39m]: Request received: PUT /auth/profile
2024-12-18T19:27:54.279Z [[32minfo[39m]: Request received: OPTIONS /auth/profile
2024-12-18T19:27:54.282Z [[32minfo[39m]: Request received: GET /auth/profile
2024-12-18T19:28:28.825Z [[32minfo[39m]: Request received: OPTIONS /auth/profile
2024-12-18T19:28:28.836Z [[32minfo[39m]: Request received: GET /auth/profile
2024-12-18T19:28:28.845Z [[32minfo[39m]: Request received: OPTIONS /auth/profile
2024-12-18T19:28:28.891Z [[32minfo[39m]: Request received: GET /auth/profile
2024-12-18T19:28:56.985Z [[32minfo[39m]: Request received: OPTIONS /auth/login
2024-12-18T19:28:56.988Z [[32minfo[39m]: Request received: POST /auth/login
2024-12-18T19:28:57.184Z [[32minfo[39m]: Request received: OPTIONS /auth/profile
2024-12-18T19:28:57.187Z [[32minfo[39m]: Request received: OPTIONS /auth/profile
2024-12-18T19:28:57.188Z [[32minfo[39m]: Request received: GET /auth/profile
2024-12-18T19:28:57.201Z [[32minfo[39m]: Request received: GET /auth/profile
2024-12-18T19:29:09.969Z [[32minfo[39m]: Request received: OPTIONS /auth/profile
2024-12-18T19:29:09.971Z [[32minfo[39m]: Request received: OPTIONS /auth/profile
2024-12-18T19:29:09.972Z [[32minfo[39m]: Request received: GET /auth/profile
2024-12-18T19:29:10.029Z [[32minfo[39m]: Request received: GET /auth/profile
2024-12-19T17:32:57.600Z [[32minfo[39m]: Request received: OPTIONS /auth/login
2024-12-19T17:32:57.609Z [[32minfo[39m]: Request received: POST /auth/login
2024-12-19T17:32:57.868Z [[32minfo[39m]: Request received: OPTIONS /auth/profile
2024-12-19T17:32:57.870Z [[32minfo[39m]: Request received: OPTIONS /auth/profile
2024-12-19T17:32:57.877Z [[32minfo[39m]: Request received: GET /auth/profile
2024-12-19T17:32:57.894Z [[32minfo[39m]: Request received: GET /auth/profile
2024-12-19T17:33:18.076Z [[32minfo[39m]: Request received: OPTIONS /auth/profile
2024-12-19T17:33:18.079Z [[32minfo[39m]: Request received: PUT /auth/profile
2024-12-19T17:34:01.934Z [[32minfo[39m]: Request received: OPTIONS /auth/profile
2024-12-19T17:34:01.937Z [[32minfo[39m]: Request received: OPTIONS /auth/profile
2024-12-19T17:34:01.945Z [[32minfo[39m]: Request received: GET /auth/profile
2024-12-19T17:34:02.015Z [[32minfo[39m]: Request received: GET /auth/profile
2024-12-19T17:34:55.011Z [[32minfo[39m]: Request received: OPTIONS /auth/profile
2024-12-19T17:34:55.021Z [[32minfo[39m]: Request received: GET /auth/profile
2024-12-19T17:34:55.066Z [[32minfo[39m]: Request received: GET /auth/profile
2024-12-19T17:44:34.318Z [[32minfo[39m]: Request received: OPTIONS /auth/profile
2024-12-19T17:44:34.327Z [[32minfo[39m]: Request received: GET /auth/profile
2024-12-19T17:44:34.375Z [[32minfo[39m]: Request received: GET /auth/profile
2024-12-19T19:05:12.393Z [[32minfo[39m]: Request received: OPTIONS /auth/register
2024-12-19T19:05:12.396Z [[31merror[39m]: Error occurred: Not allowed by CORS
2024-12-19T19:05:21.483Z [[32minfo[39m]: Request received: OPTIONS /auth/register
2024-12-19T19:05:21.484Z [[31merror[39m]: Error occurred: Not allowed by CORS
2024-12-19T20:04:12.858Z [[32minfo[39m]: Server running on http://localhost:5000
2024-12-19T20:05:07.694Z [[32minfo[39m]: Request received: OPTIONS /auth/register
2024-12-19T20:05:07.699Z [[32minfo[39m]: Request received: POST /auth/register
2024-12-21T18:43:14.822Z [[32minfo[39m]: Server running on http://localhost:5000
2024-12-21T18:43:19.893Z [[32minfo[39m]: Request received: OPTIONS /auth/login
2024-12-21T18:43:19.894Z [[31merror[39m]: Error occurred: Not allowed by CORS
2024-12-21T18:43:22.354Z [[32minfo[39m]: Request received: OPTIONS /auth/login
2024-12-21T18:43:22.355Z [[31merror[39m]: Error occurred: Not allowed by CORS
2024-12-21T18:43:52.011Z [[32minfo[39m]: Request received: OPTIONS /auth/login
2024-12-21T18:43:52.012Z [[31merror[39m]: Error occurred: Not allowed by CORS
2024-12-21T18:45:32.720Z [[32minfo[39m]: Request received: OPTIONS /auth/login
2024-12-21T18:45:32.721Z [[31merror[39m]: Error occurred: Not allowed by CORS
2024-12-21T18:45:34.897Z [[32minfo[39m]: Request received: OPTIONS /auth/login
2024-12-21T18:45:34.898Z [[31merror[39m]: Error occurred: Not allowed by CORS
2024-12-21T18:49:19.686Z [[32minfo[39m]: Request received: OPTIONS /auth/login
2024-12-21T18:49:19.686Z [[31merror[39m]: Error occurred: Not allowed by CORS
2024-12-21T19:35:59.371Z [[32minfo[39m]: Server running on port 5000
